Using pre-set license
Built from '2020.3/staging' branch; Version is '2020.3.3f1 (76626098c1c4) revision 7758432'; Using compiler version '192528614'; Build Type 'Release'
OS: 'Windows 10 Home; OS build 19042.985; Version 2009; 64bit' Language: 'en' Physical Memory: 16258 MB
BatchMode: 1, IsHumanControllingUs: 0, StartBugReporterOnCrash: 0, Is64bit: 1, IsPro: 0

 COMMAND LINE ARGUMENTS:
C:\Program Files\Unity\Hub\Editor\2020.3.3f1\Editor\Unity.exe
-adb2
-batchMode
-noUpm
-name
AssetImportWorker0
-projectPath
D:/Users/david/Unity project/School/Wat-eten-wij-KingdaLH/Wat-eten-we-vandaag
-logFile
Logs/AssetImportWorker0.log
-srvPort
55834
Successfully changed project path to: D:/Users/david/Unity project/School/Wat-eten-wij-KingdaLH/Wat-eten-we-vandaag
D:/Users/david/Unity project/School/Wat-eten-wij-KingdaLH/Wat-eten-we-vandaag
Using Asset Import Pipeline V2.
Refreshing native plugins compatible for Editor in 56.18 ms, found 1 plugins.
Preloading 0 native plugins for Editor in 0.00 ms.
Initialize engine version: 2020.3.3f1 (76626098c1c4)
[Subsystems] Discovering subsystems at path C:/Program Files/Unity/Hub/Editor/2020.3.3f1/Editor/Data/Resources/UnitySubsystems
[Subsystems] Discovering subsystems at path D:/Users/david/Unity project/School/Wat-eten-wij-KingdaLH/Wat-eten-we-vandaag/Assets
GfxDevice: creating device client; threaded=0
Direct3D:
    Version:  Direct3D 11.0 [level 11.1]
    Renderer: NVIDIA GeForce RTX 2060 (ID=0x1f11)
    Vendor:   
    VRAM:     5980 MB
    Driver:   27.21.14.6627
Initialize mono
Mono path[0] = 'C:/Program Files/Unity/Hub/Editor/2020.3.3f1/Editor/Data/Managed'
Mono path[1] = 'C:/Program Files/Unity/Hub/Editor/2020.3.3f1/Editor/Data/MonoBleedingEdge/lib/mono/unityjit'
Mono config path = 'C:/Program Files/Unity/Hub/Editor/2020.3.3f1/Editor/Data/MonoBleedingEdge/etc'
Using monoOptions --debugger-agent=transport=dt_socket,embedding=1,server=y,suspend=n,address=127.0.0.1:56488
Begin MonoManager ReloadAssembly
Registering precompiled unity dll's ...
Register platform support module: C:/Program Files/Unity/Hub/Editor/2020.3.3f1/Editor/Data/PlaybackEngines/WindowsStandaloneSupport/UnityEditor.WindowsStandalone.Extensions.dll
Register platform support module: C:/Program Files/Unity/Hub/Editor/2020.3.3f1/Editor/Data/PlaybackEngines/LuminSupport/UnityEditor.Lumin.Extensions.dll
Registered in 0.003160 seconds.
Native extension for Lumin target not found
Native extension for WindowsStandalone target not found
Refreshing native plugins compatible for Editor in 57.81 ms, found 1 plugins.
Preloading 0 native plugins for Editor in 0.00 ms.
Invoked RoslynAnalysisRunner static constructor.
RoslynAnalysisRunner will not be running.
RoslynAnalysisRunner has terminated.
Mono: successfully reloaded assembly
- Completed reload, in  3.094 seconds
Platform modules already initialized, skipping
Registering precompiled user dll's ...
Registered in 0.001958 seconds.
Begin MonoManager ReloadAssembly
Native extension for Lumin target not found
Native extension for WindowsStandalone target not found
Refreshing native plugins compatible for Editor in 81.14 ms, found 1 plugins.
Preloading 0 native plugins for Editor in 0.00 ms.
Invoked RoslynAnalysisRunner static constructor.
RoslynAnalysisRunner will not be running.
RoslynAnalysisRunner has terminated.
Mono: successfully reloaded assembly
- Completed reload, in  1.355 seconds
Platform modules already initialized, skipping
========================================================================
Worker process is ready to serve import requests
Launched and connected shader compiler UnityShaderCompiler.exe after 0.08 seconds
Refreshing native plugins compatible for Editor in 0.51 ms, found 1 plugins.
Preloading 0 native plugins for Editor in 0.00 ms.
Unloading 1959 Unused Serialized files (Serialized files now loaded: 0)
System memory in use before: 91.4 MB.
System memory in use after: 91.4 MB.

Unloading 32 unused Assets to reduce memory usage. Loaded Objects now: 2393.
Total: 3.103200 ms (FindLiveObjects: 0.421100 ms CreateObjectMapping: 0.209500 ms MarkObjects: 2.394100 ms  DeleteObjects: 0.077200 ms)

========================================================================
Received Import Request.
  path: Assets/Scenes/Selector.unity
  artifactKey: Guid(cc4d651fe7649b043b857ad9011458da) Importer(815301076,1909f56bfc062723c751e8b465ee728b)
Start importing Assets/Scenes/Selector.unity using Guid(cc4d651fe7649b043b857ad9011458da) Importer(815301076,1909f56bfc062723c751e8b465ee728b)  -> (artifact id: '0e4aa469d767bd5e83dab96f8de38fac') in 0.037681 seconds
  Import took 0.066235 seconds .

========================================================================
Received Prepare
Registering precompiled user dll's ...
Registered in 0.001465 seconds.
Begin MonoManager ReloadAssembly
Native extension for Lumin target not found
Native extension for WindowsStandalone target not found
Refreshing native plugins compatible for Editor in 0.54 ms, found 1 plugins.
Preloading 0 native plugins for Editor in 0.00 ms.
Invoked RoslynAnalysisRunner static constructor.
RoslynAnalysisRunner will not be running.
RoslynAnalysisRunner has terminated.
Mono: successfully reloaded assembly
- Completed reload, in  1.242 seconds
Platform modules already initialized, skipping
Switching build target platform(5) subTarget(0) extendedPlatform(0) -> platform(13) subTarget(537395200) extendedPlatform(0)
Refreshing native plugins compatible for Editor in 0.52 ms, found 1 plugins.
Preloading 0 native plugins for Editor in 0.00 ms.
Unloading 1939 Unused Serialized files (Serialized files now loaded: 0)
System memory in use before: 89.5 MB.
System memory in use after: 89.7 MB.

Unloading 20 unused Assets to reduce memory usage. Loaded Objects now: 2397.
Total: 2.725900 ms (FindLiveObjects: 0.234900 ms CreateObjectMapping: 0.089600 ms MarkObjects: 2.373900 ms  DeleteObjects: 0.026000 ms)

AssetImportParameters requested are different than current active one (requested -> active):
  custom:graphics/normal-map-encoding: 01000000000000000000000000000000 -> 02000000000000000000000000000000
========================================================================
Received Import Request.
  Time since last request: 27.612165 seconds.
  path: Assets/Scenes/IngredientScene.unity
  artifactKey: Guid(65ca3b96179d82b4182f66a2eb7deeee) Importer(815301076,1909f56bfc062723c751e8b465ee728b)
Start importing Assets/Scenes/IngredientScene.unity using Guid(65ca3b96179d82b4182f66a2eb7deeee) Importer(815301076,1909f56bfc062723c751e8b465ee728b)  -> (artifact id: 'cbb825131b7ae210e9c4020afb941375') in 0.012899 seconds
  Import took 0.029455 seconds .

========================================================================
Received Prepare
Registering precompiled user dll's ...
Registered in 0.002227 seconds.
Begin MonoManager ReloadAssembly
Native extension for Lumin target not found
Native extension for WindowsStandalone target not found
Refreshing native plugins compatible for Editor in 0.50 ms, found 1 plugins.
Preloading 0 native plugins for Editor in 0.00 ms.
Invoked RoslynAnalysisRunner static constructor.
RoslynAnalysisRunner will not be running.
RoslynAnalysisRunner has terminated.
Mono: successfully reloaded assembly
- Completed reload, in  1.253 seconds
Platform modules already initialized, skipping
Switching build target platform(5) subTarget(0) extendedPlatform(0) -> platform(13) subTarget(537395200) extendedPlatform(0)
Refreshing native plugins compatible for Editor in 0.49 ms, found 1 plugins.
Preloading 0 native plugins for Editor in 0.00 ms.
Unloading 1939 Unused Serialized files (Serialized files now loaded: 0)
System memory in use before: 89.6 MB.
System memory in use after: 89.7 MB.

Unloading 20 unused Assets to reduce memory usage. Loaded Objects now: 2401.
Total: 2.117400 ms (FindLiveObjects: 0.280800 ms CreateObjectMapping: 0.089300 ms MarkObjects: 1.709100 ms  DeleteObjects: 0.037100 ms)

AssetImportParameters requested are different than current active one (requested -> active):
  custom:graphics/normal-map-encoding: 01000000000000000000000000000000 -> 02000000000000000000000000000000
========================================================================
Received Import Request.
  Time since last request: 46.396439 seconds.
  path: Assets/Scenes/IngredientScene.unity
  artifactKey: Guid(65ca3b96179d82b4182f66a2eb7deeee) Importer(815301076,1909f56bfc062723c751e8b465ee728b)
Start importing Assets/Scenes/IngredientScene.unity using Guid(65ca3b96179d82b4182f66a2eb7deeee) Importer(815301076,1909f56bfc062723c751e8b465ee728b)  -> (artifact id: 'a0fdbe3a480d1280763a66ddc59e527f') in 0.016057 seconds
  Import took 0.069426 seconds .

========================================================================
Received Prepare
Refreshing native plugins compatible for Editor in 6.60 ms, found 1 plugins.
Preloading 0 native plugins for Editor in 0.00 ms.
Unloading 18 Unused Serialized files (Serialized files now loaded: 0)
System memory in use before: 51.1 MB.
System memory in use after: 51.2 MB.

Unloading 18 unused Assets to reduce memory usage. Loaded Objects now: 2401.
Total: 2.711500 ms (FindLiveObjects: 0.312300 ms CreateObjectMapping: 0.109600 ms MarkObjects: 2.267400 ms  DeleteObjects: 0.020800 ms)

========================================================================
Received Import Request.
  Time since last request: 278.007317 seconds.
  path: Assets/Scenes/Selector.unity
  artifactKey: Guid(cc4d651fe7649b043b857ad9011458da) Importer(815301076,1909f56bfc062723c751e8b465ee728b)
Start importing Assets/Scenes/Selector.unity using Guid(cc4d651fe7649b043b857ad9011458da) Importer(815301076,1909f56bfc062723c751e8b465ee728b)  -> (artifact id: '4c80d957b9602183f6584f195f719a5e') in 0.003572 seconds
  Import took 0.161725 seconds .

========================================================================
Received Import Request.
  Time since last request: 0.711479 seconds.
  path: Assets/Scenes/StartScene.unity
  artifactKey: Guid(2cda990e2423bbf4892e6590ba056729) Importer(815301076,1909f56bfc062723c751e8b465ee728b)
Start importing Assets/Scenes/StartScene.unity using Guid(2cda990e2423bbf4892e6590ba056729) Importer(815301076,1909f56bfc062723c751e8b465ee728b)  -> (artifact id: 'b3b88d05bf9917194404d696b2664eb2') in 0.012754 seconds
  Import took 0.038149 seconds .

========================================================================
Received Import Request.
  Time since last request: 608.321090 seconds.
  path: Assets/Scenes/Selector.unity
  artifactKey: Guid(cc4d651fe7649b043b857ad9011458da) Importer(815301076,1909f56bfc062723c751e8b465ee728b)
Start importing Assets/Scenes/Selector.unity using Guid(cc4d651fe7649b043b857ad9011458da) Importer(815301076,1909f56bfc062723c751e8b465ee728b)  -> (artifact id: '26063e805946e25764181243aea72c21') in 0.002488 seconds
  Import took 0.018741 seconds .

========================================================================
Received Import Request.
  Time since last request: 44.962103 seconds.
  path: Assets/Scenes/StartScene.unity
  artifactKey: Guid(2cda990e2423bbf4892e6590ba056729) Importer(815301076,1909f56bfc062723c751e8b465ee728b)
Start importing Assets/Scenes/StartScene.unity using Guid(2cda990e2423bbf4892e6590ba056729) Importer(815301076,1909f56bfc062723c751e8b465ee728b)  -> (artifact id: 'edd82fd5d6bf01130657684b334ebed4') in 0.002048 seconds
  Import took 0.039926 seconds .

========================================================================
Received Prepare
Refreshing native plugins compatible for Editor in 6.02 ms, found 1 plugins.
Preloading 0 native plugins for Editor in 0.00 ms.
Unloading 18 Unused Serialized files (Serialized files now loaded: 0)
System memory in use before: 51.1 MB.
System memory in use after: 51.2 MB.

Unloading 18 unused Assets to reduce memory usage. Loaded Objects now: 2401.
Total: 3.971300 ms (FindLiveObjects: 0.221800 ms CreateObjectMapping: 0.087300 ms MarkObjects: 3.623500 ms  DeleteObjects: 0.036600 ms)

========================================================================
Received Import Request.
  Time since last request: 372.652634 seconds.
  path: Assets/Scenes/IngredientScene.unity
  artifactKey: Guid(65ca3b96179d82b4182f66a2eb7deeee) Importer(815301076,1909f56bfc062723c751e8b465ee728b)
Start importing Assets/Scenes/IngredientScene.unity using Guid(65ca3b96179d82b4182f66a2eb7deeee) Importer(815301076,1909f56bfc062723c751e8b465ee728b)  -> (artifact id: '02a2886826115619c317a9bc2c934294') in 0.045795 seconds
  Import took 0.074708 seconds .

========================================================================
Received Prepare
Refreshing native plugins compatible for Editor in 5.81 ms, found 1 plugins.
Preloading 0 native plugins for Editor in 0.00 ms.
Unloading 18 Unused Serialized files (Serialized files now loaded: 0)
System memory in use before: 51.1 MB.
System memory in use after: 51.2 MB.

Unloading 18 unused Assets to reduce memory usage. Loaded Objects now: 2401.
Total: 2.735500 ms (FindLiveObjects: 0.181200 ms CreateObjectMapping: 0.068100 ms MarkObjects: 2.464800 ms  DeleteObjects: 0.020500 ms)

========================================================================
Received Import Request.
  Time since last request: 758.937167 seconds.
  path: Assets/Resources/Recipes/Mac and Cheese.asset
  artifactKey: Guid(e8fb123a0726ce747a67096f6d9ef688) Importer(815301076,1909f56bfc062723c751e8b465ee728b)
Start importing Assets/Resources/Recipes/Mac and Cheese.asset using Guid(e8fb123a0726ce747a67096f6d9ef688) Importer(815301076,1909f56bfc062723c751e8b465ee728b)  -> (artifact id: '624e5b0e1054feea4492a3954b0e47e9') in 0.038108 seconds
  Import took 0.085806 seconds .

========================================================================
Received Import Request.
  Time since last request: 8.605834 seconds.
  path: Assets/Resources/Recipes/Spanish Tortilla.asset
  artifactKey: Guid(b37de2e3568693f4ba6126cb0b4edc3f) Importer(815301076,1909f56bfc062723c751e8b465ee728b)
Start importing Assets/Resources/Recipes/Spanish Tortilla.asset using Guid(b37de2e3568693f4ba6126cb0b4edc3f) Importer(815301076,1909f56bfc062723c751e8b465ee728b)  -> (artifact id: '886040e9ea4a290bd046442d224a85b8') in 0.016104 seconds
  Import took 0.055393 seconds .

